{
  "RSpec": {
    "coverage": {
      "/Users/michaelcallahan/turing_work/2mod/lessons/week1/set_list/app/models/artist.rb": {
        "lines": [
          1,
          1,
          null
        ]
      },
      "/Users/michaelcallahan/turing_work/2mod/lessons/week1/set_list/app/models/application_record.rb": {
        "lines": [
          1,
          1,
          null
        ]
      },
      "/Users/michaelcallahan/turing_work/2mod/lessons/week1/set_list/app/models/song.rb": {
        "lines": [
          1,
          1,
          null
        ]
      },
      "/Users/michaelcallahan/turing_work/2mod/lessons/week1/set_list/app/controllers/songs_controller.rb": {
        "lines": [
          1,
          null,
          1,
          0,
          null,
          null,
          1,
          2,
          null,
          null
        ]
      },
      "/Users/michaelcallahan/turing_work/2mod/lessons/week1/set_list/app/controllers/application_controller.rb": {
        "lines": [
          1,
          null
        ]
      }
    },
    "timestamp": 1683690350
  }
}
