{
  "RSpec": {
    "coverage": {
      "/Users/michaelcallahan/turing_work/2mod/lessons/week1/set_list/spec/features/artists/edit_spec.rb": {
        "lines": [
          1,
          null,
          1,
          1,
          1,
          1,
          null,
          1,
          null,
          1,
          null,
          null,
          1,
          1,
          null,
          1,
          null,
          1,
          null,
          1,
          null,
          1,
          1,
          null,
          1,
          1,
          null,
          null
        ]
      },
      "/Users/michaelcallahan/turing_work/2mod/lessons/week1/set_list/spec/features/artists/new_spec.rb": {
        "lines": [
          1,
          null,
          1,
          1,
          1,
          null,
          1,
          1,
          null,
          null,
          1,
          1,
          null,
          1,
          1,
          null,
          1,
          1,
          1,
          null,
          null
        ]
      },
      "/Users/michaelcallahan/turing_work/2mod/lessons/week1/set_list/spec/features/artists/songs/index_spec.rb": {
        "lines": [
          1,
          null,
          1,
          1,
          3,
          3,
          3,
          null,
          null,
          1,
          1,
          null,
          1,
          1,
          null,
          null,
          1,
          1,
          null,
          1,
          null,
          1,
          null,
          null,
          1,
          1,
          null,
          1,
          null,
          null
        ]
      },
      "/Users/michaelcallahan/turing_work/2mod/lessons/week1/set_list/spec/features/models/artist_spec.rb": {
        "lines": [
          1,
          null,
          1,
          2,
          null,
          1,
          1,
          1,
          1,
          1,
          1,
          null,
          null,
          1,
          1,
          null,
          null,
          null,
          null
        ]
      },
      "/Users/michaelcallahan/turing_work/2mod/lessons/week1/set_list/app/models/artist.rb": {
        "lines": [
          1,
          1,
          null,
          1,
          4,
          null,
          null
        ]
      },
      "/Users/michaelcallahan/turing_work/2mod/lessons/week1/set_list/app/models/application_record.rb": {
        "lines": [
          1,
          1,
          null
        ]
      },
      "/Users/michaelcallahan/turing_work/2mod/lessons/week1/set_list/spec/features/models/song_spec.rb": {
        "lines": [
          1,
          null,
          1,
          2,
          null
        ]
      },
      "/Users/michaelcallahan/turing_work/2mod/lessons/week1/set_list/app/models/song.rb": {
        "lines": [
          1,
          1,
          null
        ]
      },
      "/Users/michaelcallahan/turing_work/2mod/lessons/week1/set_list/spec/features/songs/show_spec.rb": {
        "lines": [
          1,
          null,
          1,
          1,
          1,
          1,
          1,
          null,
          1,
          null,
          1,
          1,
          null,
          null,
          1,
          1,
          1,
          1,
          null,
          1,
          null,
          1,
          null,
          null
        ]
      },
      "/Users/michaelcallahan/turing_work/2mod/lessons/week1/set_list/app/controllers/artists_controller.rb": {
        "lines": [
          1,
          1,
          7,
          null,
          null,
          1,
          null,
          null,
          1,
          1,
          1,
          null,
          null,
          1,
          2,
          null,
          null,
          1,
          1,
          1,
          1,
          null,
          null,
          1,
          1,
          1,
          1,
          null,
          null,
          1,
          1,
          2,
          null,
          null
        ]
      },
      "/Users/michaelcallahan/turing_work/2mod/lessons/week1/set_list/app/controllers/application_controller.rb": {
        "lines": [
          1,
          null
        ]
      },
      "/Users/michaelcallahan/turing_work/2mod/lessons/week1/set_list/app/controllers/artist_songs_controller.rb": {
        "lines": [
          1,
          1,
          3,
          3,
          null,
          null
        ]
      },
      "/Users/michaelcallahan/turing_work/2mod/lessons/week1/set_list/app/controllers/songs_controller.rb": {
        "lines": [
          1,
          null,
          1,
          0,
          null,
          null,
          1,
          3,
          null,
          null
        ]
      }
    },
    "timestamp": 1684159264
  }
}
